<?xml version="1.0" encoding="UTF-8"?>
<!-- Generated by org.testng.reporters.JUnitReportReporter -->
<testsuite hostname="Blossoms" failures="0" tests="1" name="Tests" time="0.010" errors="0" timestamp="2025-02-04T10:16:48 CST" skipped="0">
  <testcase classname="Tests" name="verifySetup" time="0.010"/>
</testsuite> <!-- Tests -->
