<?xml version="1.0" encoding="UTF-8"?>
<!-- Generated by org.testng.reporters.JUnitReportReporter -->
<testsuite hostname="Blossoms" failures="0" tests="1" name="Tests.tests" time="0.011" errors="0" timestamp="2025-02-04T10:19:19 CST" skipped="0">
  <testcase classname="Tests.tests" name="verifySetup" time="0.011"/>
</testsuite> <!-- Tests.tests -->
